2025-05-21 23:42:09,408 INFO:[TechnicalIndicators] Calculating indicators...
2025-05-21 23:42:09,409 INFO:Calculating indicators for KULR (1d)
2025-05-21 23:42:09,410 INFO:Calculating indicators for KULR (1h)
2025-05-21 23:42:09,422 INFO:Loaded OHLCV data for KULR (1d) from stock_data\KULR_ohlcv_1d_7874b8a65ba9130c2ba57c7a0f541b99.csv
2025-05-21 23:42:09,436 INFO:Loaded OHLCV data for KULR (1h) from stock_data\KULR_ohlcv_1h_b931cbf4a056f0731a1b6f104ed32d1b.csv
2025-05-21 23:42:10,069 ERROR:Error calculating Ichimoku: The truth value of a Series is ambiguous. Use a.empty, a.bool(), a.item(), a.any() or a.all().
2025-05-21 23:42:10,853 ERROR:Error calculating Ichimoku: The truth value of a Series is ambiguous. Use a.empty, a.bool(), a.item(), a.any() or a.all().
2025-05-21 23:42:11,217 INFO:Saved indicators to stock_indicator\KULR_indicators_1d.csv
2025-05-21 23:42:11,222 INFO:Saved metadata to stock_indicator\KULR_indicators_1d.meta.yaml
2025-05-21 23:42:11,364 INFO:Saved indicators to stock_indicator\KULR_indicators_1h.csv
2025-05-21 23:42:11,369 INFO:Saved metadata to stock_indicator\KULR_indicators_1h.meta.yaml
2025-05-21 23:45:00,643 INFO:[TechnicalIndicators] Calculating indicators...
2025-05-21 23:45:00,644 INFO:Calculating indicators for KULR (1d)
2025-05-21 23:45:00,645 INFO:Calculating indicators for KULR (1h)
2025-05-21 23:45:00,653 INFO:Loaded OHLCV data for KULR (1d) from stock_data\KULR_ohlcv_1d_7874b8a65ba9130c2ba57c7a0f541b99.csv
2025-05-21 23:45:00,666 INFO:Loaded OHLCV data for KULR (1h) from stock_data\KULR_ohlcv_1h_b931cbf4a056f0731a1b6f104ed32d1b.csv
2025-05-21 23:45:01,798 ERROR:Error calculating Ichimoku: The truth value of a Series is ambiguous. Use a.empty, a.bool(), a.item(), a.any() or a.all().
2025-05-21 23:45:02,096 ERROR:Error calculating Ichimoku: The truth value of a Series is ambiguous. Use a.empty, a.bool(), a.item(), a.any() or a.all().
2025-05-21 23:45:02,467 INFO:Saved indicators to stock_indicator\KULR_indicators_1d.csv
2025-05-21 23:45:02,472 INFO:Saved metadata to stock_indicator\KULR_indicators_1d.meta.yaml
2025-05-21 23:45:02,614 INFO:Saved indicators to stock_indicator\KULR_indicators_1h.csv
2025-05-21 23:45:02,619 INFO:Saved metadata to stock_indicator\KULR_indicators_1h.meta.yaml
2025-05-21 23:47:10,828 INFO:[TechnicalIndicators] Calculating indicators...
2025-05-21 23:47:10,829 INFO:Calculating indicators for KULR (1d)
2025-05-21 23:47:10,829 INFO:Calculating indicators for KULR (1h)
2025-05-21 23:47:10,838 INFO:Loaded OHLCV data for KULR (1d) from stock_data\KULR_ohlcv_1d_7874b8a65ba9130c2ba57c7a0f541b99.csv
2025-05-21 23:47:10,851 INFO:Loaded OHLCV data for KULR (1h) from stock_data\KULR_ohlcv_1h_b931cbf4a056f0731a1b6f104ed32d1b.csv
2025-05-21 23:47:11,543 ERROR:Error calculating Ichimoku: The truth value of a Series is ambiguous. Use a.empty, a.bool(), a.item(), a.any() or a.all().
2025-05-21 23:47:12,362 ERROR:Error calculating Ichimoku: The truth value of a Series is ambiguous. Use a.empty, a.bool(), a.item(), a.any() or a.all().
2025-05-21 23:47:12,707 INFO:Saved indicators to stock_indicator\KULR_indicators_1d.csv
2025-05-21 23:47:12,713 INFO:Saved metadata to stock_indicator\KULR_indicators_1d.meta.yaml
2025-05-21 23:47:12,854 INFO:Saved indicators to stock_indicator\KULR_indicators_1h.csv
2025-05-21 23:47:12,858 INFO:Saved metadata to stock_indicator\KULR_indicators_1h.meta.yaml
2025-05-21 23:49:55,199 INFO:[TechnicalIndicators] Calculating indicators...
2025-05-21 23:49:55,200 INFO:Calculating indicators for KULR (1d)
2025-05-21 23:49:55,200 INFO:Calculating indicators for KULR (1h)
2025-05-21 23:49:55,209 INFO:Loaded OHLCV data for KULR (1d) from stock_data\KULR_ohlcv_1d_7874b8a65ba9130c2ba57c7a0f541b99.csv
2025-05-21 23:49:55,221 INFO:Loaded OHLCV data for KULR (1h) from stock_data\KULR_ohlcv_1h_b931cbf4a056f0731a1b6f104ed32d1b.csv
2025-05-21 23:49:55,828 ERROR:Error calculating Ichimoku: The truth value of a Series is ambiguous. Use a.empty, a.bool(), a.item(), a.any() or a.all().
2025-05-21 23:49:56,784 ERROR:Error calculating Ichimoku: The truth value of a Series is ambiguous. Use a.empty, a.bool(), a.item(), a.any() or a.all().
2025-05-21 23:49:57,065 INFO:Saved indicators to stock_indicator\KULR_indicators_1d.csv
2025-05-21 23:49:57,070 INFO:Saved metadata to stock_indicator\KULR_indicators_1d.meta.yaml
2025-05-21 23:49:57,255 INFO:Saved indicators to stock_indicator\KULR_indicators_1h.csv
2025-05-21 23:49:57,262 INFO:Saved metadata to stock_indicator\KULR_indicators_1h.meta.yaml
2025-05-21 23:51:23,463 INFO:[TechnicalIndicators] Calculating indicators...
2025-05-21 23:51:23,464 INFO:Calculating indicators for KULR (1d)
2025-05-21 23:51:23,464 INFO:Calculating indicators for KULR (1h)
2025-05-21 23:51:23,473 INFO:Loaded OHLCV data for KULR (1d) from stock_data\KULR_ohlcv_1d_7874b8a65ba9130c2ba57c7a0f541b99.csv
2025-05-21 23:51:23,484 INFO:Loaded OHLCV data for KULR (1h) from stock_data\KULR_ohlcv_1h_b931cbf4a056f0731a1b6f104ed32d1b.csv
2025-05-21 23:51:24,705 ERROR:Error calculating Ichimoku: The truth value of a Series is ambiguous. Use a.empty, a.bool(), a.item(), a.any() or a.all().
2025-05-21 23:51:24,709 ERROR:Error calculating Ichimoku: The truth value of a Series is ambiguous. Use a.empty, a.bool(), a.item(), a.any() or a.all().
2025-05-21 23:51:25,253 INFO:Saved indicators to stock_indicator\KULR_indicators_1d.csv
2025-05-21 23:51:25,262 INFO:Saved metadata to stock_indicator\KULR_indicators_1d.meta.yaml
2025-05-21 23:51:25,275 INFO:Saved indicators to stock_indicator\KULR_indicators_1h.csv
2025-05-21 23:51:25,279 INFO:Saved metadata to stock_indicator\KULR_indicators_1h.meta.yaml
2025-05-21 23:51:48,261 INFO:[TechnicalIndicators] Calculating indicators...
2025-05-21 23:51:48,262 INFO:Calculating indicators for KULR (1d)
2025-05-21 23:51:48,263 INFO:Calculating indicators for KULR (1h)
2025-05-21 23:51:48,274 INFO:Loaded OHLCV data for KULR (1d) from stock_data\KULR_ohlcv_1d_7874b8a65ba9130c2ba57c7a0f541b99.csv
2025-05-21 23:51:48,281 INFO:Loaded OHLCV data for KULR (1h) from stock_data\KULR_ohlcv_1h_b931cbf4a056f0731a1b6f104ed32d1b.csv
2025-05-21 23:51:49,509 ERROR:Error calculating Ichimoku: The truth value of a Series is ambiguous. Use a.empty, a.bool(), a.item(), a.any() or a.all().
2025-05-21 23:51:49,551 ERROR:Error calculating Ichimoku: The truth value of a Series is ambiguous. Use a.empty, a.bool(), a.item(), a.any() or a.all().
2025-05-21 23:51:50,112 INFO:Saved indicators to stock_indicator\KULR_indicators_1d.csv
2025-05-21 23:51:50,118 INFO:Saved metadata to stock_indicator\KULR_indicators_1d.meta.yaml
2025-05-21 23:51:50,253 INFO:Saved indicators to stock_indicator\KULR_indicators_1h.csv
2025-05-21 23:51:50,258 INFO:Saved metadata to stock_indicator\KULR_indicators_1h.meta.yaml
2025-05-21 23:56:07,294 INFO:[TechnicalIndicators] Calculating indicators...
2025-05-21 23:56:07,295 INFO:Calculating indicators for KULR (1d)
2025-05-21 23:56:07,296 INFO:Calculating indicators for KULR (1h)
2025-05-21 23:56:07,303 INFO:Loaded OHLCV data for KULR (1d) from stock_data\KULR_ohlcv_1d_7874b8a65ba9130c2ba57c7a0f541b99.csv
2025-05-21 23:56:07,336 INFO:Loaded OHLCV data for KULR (1h) from stock_data\KULR_ohlcv_1h_b931cbf4a056f0731a1b6f104ed32d1b.csv
2025-05-21 23:56:08,532 ERROR:Error calculating Ichimoku: The truth value of a Series is ambiguous. Use a.empty, a.bool(), a.item(), a.any() or a.all().
2025-05-21 23:56:08,537 ERROR:Error calculating Ichimoku: The truth value of a Series is ambiguous. Use a.empty, a.bool(), a.item(), a.any() or a.all().
2025-05-21 23:56:29,853 INFO:[TechnicalIndicators] Calculating indicators...
2025-05-21 23:56:29,854 INFO:Calculating indicators for KULR (1d)
2025-05-21 23:56:29,855 INFO:Calculating indicators for KULR (1h)
2025-05-21 23:56:29,863 INFO:Loaded OHLCV data for KULR (1d) from stock_data\KULR_ohlcv_1d_7874b8a65ba9130c2ba57c7a0f541b99.csv
2025-05-21 23:56:29,874 INFO:Loaded OHLCV data for KULR (1h) from stock_data\KULR_ohlcv_1h_b931cbf4a056f0731a1b6f104ed32d1b.csv
2025-05-21 23:56:31,076 ERROR:Error calculating Ichimoku: The truth value of a Series is ambiguous. Use a.empty, a.bool(), a.item(), a.any() or a.all().
2025-05-21 23:56:31,082 ERROR:Error calculating Ichimoku: The truth value of a Series is ambiguous. Use a.empty, a.bool(), a.item(), a.any() or a.all().
2025-05-21 23:56:46,009 INFO:[TechnicalIndicators] Calculating indicators...
2025-05-21 23:56:46,010 INFO:Calculating indicators for KULR (1d)
2025-05-21 23:56:46,010 INFO:Calculating indicators for KULR (1h)
2025-05-21 23:56:46,018 INFO:Loaded OHLCV data for KULR (1d) from stock_data\KULR_ohlcv_1d_7874b8a65ba9130c2ba57c7a0f541b99.csv
2025-05-21 23:56:46,029 INFO:Loaded OHLCV data for KULR (1h) from stock_data\KULR_ohlcv_1h_b931cbf4a056f0731a1b6f104ed32d1b.csv
2025-05-21 23:56:47,232 ERROR:Error calculating Ichimoku: The truth value of a Series is ambiguous. Use a.empty, a.bool(), a.item(), a.any() or a.all().
2025-05-21 23:56:47,238 ERROR:Error calculating Ichimoku: The truth value of a Series is ambiguous. Use a.empty, a.bool(), a.item(), a.any() or a.all().
2025-05-21 23:56:58,128 INFO:[TechnicalIndicators] Calculating indicators...
2025-05-21 23:56:58,129 INFO:Calculating indicators for KULR (1d)
2025-05-21 23:56:58,130 INFO:Calculating indicators for KULR (1h)
2025-05-21 23:56:58,137 INFO:Loaded OHLCV data for KULR (1d) from stock_data\KULR_ohlcv_1d_7874b8a65ba9130c2ba57c7a0f541b99.csv
2025-05-21 23:56:58,148 INFO:Loaded OHLCV data for KULR (1h) from stock_data\KULR_ohlcv_1h_b931cbf4a056f0731a1b6f104ed32d1b.csv
2025-05-21 23:56:58,740 ERROR:Error calculating Ichimoku: The truth value of a Series is ambiguous. Use a.empty, a.bool(), a.item(), a.any() or a.all().
2025-05-21 23:56:59,553 ERROR:Error calculating Ichimoku: The truth value of a Series is ambiguous. Use a.empty, a.bool(), a.item(), a.any() or a.all().
2025-05-21 23:56:59,979 INFO:Saved indicators to stock_indicator\KULR_indicators_1d.csv
2025-05-21 23:56:59,986 INFO:Saved metadata to stock_indicator\KULR_indicators_1d.meta.yaml
2025-05-21 23:57:00,144 INFO:Saved indicators to stock_indicator\KULR_indicators_1h.csv
2025-05-21 23:57:00,148 INFO:Saved metadata to stock_indicator\KULR_indicators_1h.meta.yaml
2025-05-21 23:57:18,518 INFO:[TechnicalIndicators] Calculating indicators...
2025-05-21 23:57:18,519 INFO:Calculating indicators for KULR (1d)
2025-05-21 23:57:18,520 INFO:Calculating indicators for KULR (1h)
2025-05-21 23:57:18,528 INFO:Loaded OHLCV data for KULR (1d) from stock_data\KULR_ohlcv_1d_7874b8a65ba9130c2ba57c7a0f541b99.csv
2025-05-21 23:57:18,539 INFO:Loaded OHLCV data for KULR (1h) from stock_data\KULR_ohlcv_1h_b931cbf4a056f0731a1b6f104ed32d1b.csv
2025-05-21 23:57:19,746 ERROR:Error calculating Ichimoku: The truth value of a Series is ambiguous. Use a.empty, a.bool(), a.item(), a.any() or a.all().
2025-05-21 23:57:19,755 ERROR:Error calculating Ichimoku: The truth value of a Series is ambiguous. Use a.empty, a.bool(), a.item(), a.any() or a.all().
2025-05-21 23:57:20,393 INFO:Saved indicators to stock_indicator\KULR_indicators_1d.csv
2025-05-21 23:57:20,397 INFO:Saved metadata to stock_indicator\KULR_indicators_1d.meta.yaml
2025-05-21 23:57:20,532 INFO:Saved indicators to stock_indicator\KULR_indicators_1h.csv
2025-05-21 23:57:20,541 INFO:Saved metadata to stock_indicator\KULR_indicators_1h.meta.yaml
2025-05-21 23:58:45,992 INFO:[TechnicalIndicators] Calculating indicators...
2025-05-21 23:58:45,993 INFO:Calculating indicators for KULR (1d)
2025-05-21 23:58:45,993 INFO:Calculating indicators for KULR (1h)
2025-05-21 23:58:46,002 INFO:Loaded OHLCV data for KULR (1d) from stock_data\KULR_ohlcv_1d_7874b8a65ba9130c2ba57c7a0f541b99.csv
2025-05-21 23:58:46,013 INFO:Loaded OHLCV data for KULR (1h) from stock_data\KULR_ohlcv_1h_b931cbf4a056f0731a1b6f104ed32d1b.csv
2025-05-21 23:58:47,244 ERROR:Error calculating Ichimoku: The truth value of a Series is ambiguous. Use a.empty, a.bool(), a.item(), a.any() or a.all().
2025-05-21 23:58:47,252 ERROR:Error calculating Ichimoku: The truth value of a Series is ambiguous. Use a.empty, a.bool(), a.item(), a.any() or a.all().
2025-05-21 23:58:47,743 INFO:Saved indicators to stock_indicator\KULR_indicators_1d.csv
2025-05-21 23:58:47,757 INFO:Saved metadata to stock_indicator\KULR_indicators_1d.meta.yaml
2025-05-21 23:58:47,892 INFO:Saved indicators to stock_indicator\KULR_indicators_1h.csv
2025-05-21 23:58:47,897 INFO:Saved metadata to stock_indicator\KULR_indicators_1h.meta.yaml
2025-05-21 23:59:22,972 INFO:[TechnicalIndicators] Calculating indicators...
2025-05-21 23:59:22,973 INFO:Calculating indicators for KULR (1d)
2025-05-21 23:59:22,974 INFO:Calculating indicators for KULR (1h)
2025-05-21 23:59:22,982 INFO:Loaded OHLCV data for KULR (1d) from stock_data\KULR_ohlcv_1d_7874b8a65ba9130c2ba57c7a0f541b99.csv
2025-05-21 23:59:22,993 INFO:Loaded OHLCV data for KULR (1h) from stock_data\KULR_ohlcv_1h_b931cbf4a056f0731a1b6f104ed32d1b.csv
2025-05-21 23:59:24,178 ERROR:Error calculating Ichimoku: The truth value of a Series is ambiguous. Use a.empty, a.bool(), a.item(), a.any() or a.all().
2025-05-21 23:59:24,261 ERROR:Error calculating Ichimoku: The truth value of a Series is ambiguous. Use a.empty, a.bool(), a.item(), a.any() or a.all().
2025-05-21 23:59:24,661 INFO:Saved indicators to stock_indicator\KULR_indicators_1d.csv
2025-05-21 23:59:24,666 INFO:Saved metadata to stock_indicator\KULR_indicators_1d.meta.yaml
2025-05-21 23:59:24,796 INFO:Saved indicators to stock_indicator\KULR_indicators_1h.csv
2025-05-21 23:59:24,800 INFO:Saved metadata to stock_indicator\KULR_indicators_1h.meta.yaml
2025-05-22 00:01:03,332 INFO:[TechnicalIndicators] Calculating indicators...
2025-05-22 00:01:03,334 INFO:Calculating indicators for KULR (1d)
2025-05-22 00:01:03,334 INFO:Calculating indicators for KULR (1h)
2025-05-22 00:01:03,341 INFO:Loaded OHLCV data for KULR (1d) from stock_data\KULR_ohlcv_1d_7874b8a65ba9130c2ba57c7a0f541b99.csv
2025-05-22 00:01:03,368 INFO:Loaded OHLCV data for KULR (1h) from stock_data\KULR_ohlcv_1h_b931cbf4a056f0731a1b6f104ed32d1b.csv
2025-05-22 00:01:04,091 ERROR:Error calculating Ichimoku: The truth value of a Series is ambiguous. Use a.empty, a.bool(), a.item(), a.any() or a.all().
2025-05-22 00:01:04,785 ERROR:Error calculating Ichimoku: The truth value of a Series is ambiguous. Use a.empty, a.bool(), a.item(), a.any() or a.all().
2025-05-22 00:01:05,181 INFO:Saved indicators to stock_indicator\KULR_indicators_1d.csv
2025-05-22 00:01:05,185 INFO:Saved metadata to stock_indicator\KULR_indicators_1d.meta.yaml
2025-05-22 00:01:05,348 INFO:Saved indicators to stock_indicator\KULR_indicators_1h.csv
2025-05-22 00:01:05,352 INFO:Saved metadata to stock_indicator\KULR_indicators_1h.meta.yaml
2025-05-22 00:01:29,052 INFO:[TechnicalIndicators] Calculating indicators...
2025-05-22 00:01:29,053 INFO:Calculating indicators for KULR (1d)
2025-05-22 00:01:29,053 INFO:Calculating indicators for KULR (1h)
2025-05-22 00:01:29,061 INFO:Loaded OHLCV data for KULR (1d) from stock_data\KULR_ohlcv_1d_7874b8a65ba9130c2ba57c7a0f541b99.csv
2025-05-22 00:01:29,072 INFO:Loaded OHLCV data for KULR (1h) from stock_data\KULR_ohlcv_1h_b931cbf4a056f0731a1b6f104ed32d1b.csv
2025-05-22 00:01:30,275 ERROR:Error calculating Ichimoku: The truth value of a Series is ambiguous. Use a.empty, a.bool(), a.item(), a.any() or a.all().
2025-05-22 00:01:30,280 ERROR:Error calculating Ichimoku: The truth value of a Series is ambiguous. Use a.empty, a.bool(), a.item(), a.any() or a.all().
2025-05-22 00:01:30,732 INFO:Saved indicators to stock_indicator\KULR_indicators_1d.csv
2025-05-22 00:01:30,738 INFO:Saved metadata to stock_indicator\KULR_indicators_1d.meta.yaml
2025-05-22 00:01:30,941 INFO:Saved indicators to stock_indicator\KULR_indicators_1h.csv
2025-05-22 00:01:30,945 INFO:Saved metadata to stock_indicator\KULR_indicators_1h.meta.yaml
2025-05-22 00:01:58,011 INFO:[TechnicalIndicators] Calculating indicators...
2025-05-22 00:01:58,012 INFO:Calculating indicators for KULR (1d)
2025-05-22 00:01:58,012 INFO:Calculating indicators for KULR (1h)
2025-05-22 00:01:58,021 INFO:Loaded OHLCV data for KULR (1d) from stock_data\KULR_ohlcv_1d_7874b8a65ba9130c2ba57c7a0f541b99.csv
2025-05-22 00:01:58,032 INFO:Loaded OHLCV data for KULR (1h) from stock_data\KULR_ohlcv_1h_b931cbf4a056f0731a1b6f104ed32d1b.csv
2025-05-22 00:01:58,772 ERROR:Error calculating Ichimoku: The truth value of a Series is ambiguous. Use a.empty, a.bool(), a.item(), a.any() or a.all().
2025-05-22 00:01:59,446 ERROR:Error calculating Ichimoku: The truth value of a Series is ambiguous. Use a.empty, a.bool(), a.item(), a.any() or a.all().
2025-05-22 00:01:59,975 INFO:Saved indicators to stock_indicator\KULR_indicators_1d.csv
2025-05-22 00:01:59,981 INFO:Saved metadata to stock_indicator\KULR_indicators_1d.meta.yaml
2025-05-22 00:01:59,996 INFO:Saved indicators to stock_indicator\KULR_indicators_1h.csv
2025-05-22 00:02:00,000 INFO:Saved metadata to stock_indicator\KULR_indicators_1h.meta.yaml
2025-05-22 23:54:24,449 INFO:[TechnicalIndicators] Calculating indicators...
2025-05-22 23:54:24,450 INFO:Calculating indicators for KULR (1d)
2025-05-22 23:54:24,451 INFO:Calculating indicators for KULR (1h)
2025-05-22 23:54:24,467 INFO:Loaded OHLCV data for KULR (1d) from stock_data\KULR_ohlcv_1d_693d5cc4b2f5f31f22deba0a4d87a699.csv
2025-05-22 23:54:24,500 INFO:Loaded OHLCV data for KULR (1h) from stock_data\KULR_ohlcv_1h_22ff7eae08e577a7448f6590a286b78d.csv
2025-05-22 23:54:24,982 ERROR:Error calculating Ichimoku: The truth value of a Series is ambiguous. Use a.empty, a.bool(), a.item(), a.any() or a.all().
2025-05-22 23:54:25,923 ERROR:Error calculating Ichimoku: The truth value of a Series is ambiguous. Use a.empty, a.bool(), a.item(), a.any() or a.all().
2025-05-22 23:54:26,148 INFO:Saved indicators to stock_indicator\KULR_indicators_1d.csv
2025-05-22 23:54:26,169 INFO:Saved metadata to stock_indicator\KULR_indicators_1d.meta.yaml
2025-05-22 23:54:26,396 INFO:Saved indicators to stock_indicator\KULR_indicators_1h.csv
2025-05-22 23:54:26,400 INFO:Saved metadata to stock_indicator\KULR_indicators_1h.meta.yaml
2025-05-22 23:55:14,038 INFO:[TechnicalIndicators] Calculating indicators...
2025-05-22 23:55:14,039 INFO:Calculating indicators for RR (1d)
2025-05-22 23:55:14,039 INFO:Calculating indicators for RR (1h)
2025-05-22 23:55:14,055 INFO:Loaded OHLCV data for RR (1d) from stock_data\RR_ohlcv_1d_6dc2356e1d7bec90295a40aa7a0121c2.csv
2025-05-22 23:55:14,081 INFO:Loaded OHLCV data for RR (1h) from stock_data\RR_ohlcv_1h_f0edf5252b4154cf0efae5a85b38bb4e.csv
2025-05-22 23:55:14,253 ERROR:Error calculating Ichimoku: The truth value of a Series is ambiguous. Use a.empty, a.bool(), a.item(), a.any() or a.all().
2025-05-22 23:55:14,581 INFO:Saved indicators to stock_indicator\RR_indicators_1d.csv
2025-05-22 23:55:14,685 INFO:Saved metadata to stock_indicator\RR_indicators_1d.meta.yaml
2025-05-22 23:55:14,925 ERROR:Error calculating Ichimoku: The truth value of a Series is ambiguous. Use a.empty, a.bool(), a.item(), a.any() or a.all().
2025-05-22 23:55:15,252 INFO:Saved indicators to stock_indicator\RR_indicators_1h.csv
2025-05-22 23:55:15,279 INFO:Saved metadata to stock_indicator\RR_indicators_1h.meta.yaml
2025-05-22 23:55:36,409 INFO:[TechnicalIndicators] Calculating indicators...
2025-05-22 23:55:36,409 INFO:Calculating indicators for TSLA (1d)
2025-05-22 23:55:36,410 INFO:Calculating indicators for TSLA (1h)
2025-05-22 23:55:36,426 INFO:Loaded OHLCV data for TSLA (1d) from stock_data\TSLA_ohlcv_1d_e4b3e59a1a919ac5e820f26d685f1826.csv
2025-05-22 23:55:36,447 INFO:Loaded OHLCV data for TSLA (1h) from stock_data\TSLA_ohlcv_1h_30df25c25f27632350ff783319758935.csv
2025-05-22 23:55:36,944 ERROR:Error calculating Ichimoku: The truth value of a Series is ambiguous. Use a.empty, a.bool(), a.item(), a.any() or a.all().
2025-05-22 23:55:37,955 ERROR:Error calculating Ichimoku: The truth value of a Series is ambiguous. Use a.empty, a.bool(), a.item(), a.any() or a.all().
2025-05-22 23:55:38,198 INFO:Saved indicators to stock_indicator\TSLA_indicators_1d.csv
2025-05-22 23:55:38,210 INFO:Saved metadata to stock_indicator\TSLA_indicators_1d.meta.yaml
2025-05-22 23:55:38,503 INFO:Saved indicators to stock_indicator\TSLA_indicators_1h.csv
2025-05-22 23:55:38,509 INFO:Saved metadata to stock_indicator\TSLA_indicators_1h.meta.yaml
2025-05-22 23:56:56,762 INFO:[TechnicalIndicators] Calculating indicators...
2025-05-22 23:56:56,762 INFO:Calculating indicators for TSLA (1d)
2025-05-22 23:56:56,763 INFO:Calculating indicators for TSLA (1h)
2025-05-22 23:56:56,781 INFO:Loaded OHLCV data for TSLA (1d) from stock_data\TSLA_ohlcv_1d_e4b3e59a1a919ac5e820f26d685f1826.csv
2025-05-22 23:56:56,817 INFO:Loaded OHLCV data for TSLA (1h) from stock_data\TSLA_ohlcv_1h_30df25c25f27632350ff783319758935.csv
2025-05-22 23:56:57,320 ERROR:Error calculating Ichimoku: The truth value of a Series is ambiguous. Use a.empty, a.bool(), a.item(), a.any() or a.all().
2025-05-22 23:56:58,189 ERROR:Error calculating Ichimoku: The truth value of a Series is ambiguous. Use a.empty, a.bool(), a.item(), a.any() or a.all().
2025-05-22 23:56:58,466 INFO:Saved indicators to stock_indicator\TSLA_indicators_1d.csv
2025-05-22 23:56:58,470 INFO:Saved metadata to stock_indicator\TSLA_indicators_1d.meta.yaml
2025-05-22 23:56:58,715 INFO:Saved indicators to stock_indicator\TSLA_indicators_1h.csv
2025-05-22 23:56:58,720 INFO:Saved metadata to stock_indicator\TSLA_indicators_1h.meta.yaml
2025-05-26 21:05:39,995 INFO:[TechnicalIndicators] Calculating indicators...
2025-05-26 21:05:39,995 INFO:Calculating indicators for TSLA (1d)
2025-05-26 21:05:39,996 INFO:Calculating indicators for TSLA (1h)
2025-05-26 21:05:40,018 INFO:Loaded OHLCV data for TSLA (1d) from stock_data\TSLA_ohlcv_1d_b644f4ed89131bc634f8930366352be2.csv
2025-05-26 21:05:40,063 INFO:Loaded OHLCV data for TSLA (1h) from stock_data\TSLA_ohlcv_1h_ae576451d5d9b9df3c938b1b1bc5a3f3.csv
2025-05-26 21:05:40,668 ERROR:Error calculating Ichimoku: The truth value of a Series is ambiguous. Use a.empty, a.bool(), a.item(), a.any() or a.all().
2025-05-26 21:05:41,733 ERROR:Error calculating Ichimoku: The truth value of a Series is ambiguous. Use a.empty, a.bool(), a.item(), a.any() or a.all().
2025-05-26 21:05:42,034 INFO:Saved indicators to stock_indicator\TSLA_indicators_1d.csv
2025-05-26 21:05:42,039 INFO:Saved metadata to stock_indicator\TSLA_indicators_1d.meta.yaml
2025-05-26 21:05:42,374 INFO:Saved indicators to stock_indicator\TSLA_indicators_1h.csv
2025-05-26 21:05:42,381 INFO:Saved metadata to stock_indicator\TSLA_indicators_1h.meta.yaml
2025-05-26 21:16:08,171 INFO:[TechnicalIndicators] Calculating indicators...
2025-05-26 21:16:08,172 INFO:Calculating indicators for KULR (1d)
2025-05-26 21:16:08,172 INFO:Calculating indicators for KULR (1h)
2025-05-26 21:16:08,172 WARNING:No OHLCV data for KULR (1d), skipping.
2025-05-26 21:16:08,172 WARNING:No OHLCV data for KULR (1h), skipping.
2025-05-26 21:17:18,876 INFO:[TechnicalIndicators] Calculating indicators...
2025-05-26 21:17:18,877 INFO:Calculating indicators for KULR (1d)
2025-05-26 21:17:18,878 INFO:Calculating indicators for KULR (1h)
2025-05-26 21:17:18,878 WARNING:No OHLCV data for KULR (1h), skipping.
2025-05-26 21:17:18,878 WARNING:No OHLCV data for KULR (1d), skipping.
2025-05-26 21:19:31,820 INFO:[TechnicalIndicators] Calculating indicators...
2025-05-26 21:19:31,821 INFO:Calculating indicators for KULR (1d)
2025-05-26 21:19:31,821 INFO:Calculating indicators for KULR (1h)
2025-05-26 21:19:31,822 WARNING:No OHLCV data for KULR (1d), skipping.
2025-05-26 21:19:31,822 WARNING:No OHLCV data for KULR (1h), skipping.
2025-05-26 21:20:08,225 INFO:[TechnicalIndicators] Calculating indicators...
2025-05-26 21:20:08,226 INFO:Calculating indicators for KULR (1d)
2025-05-26 21:20:08,226 INFO:Calculating indicators for KULR (1h)
2025-05-26 21:20:08,245 INFO:Loaded OHLCV data for KULR (1d) from stock_data\KULR_ohlcv_1d_4592b59e3127acd06baabd0f20d146ec.csv
2025-05-26 21:20:08,290 INFO:Loaded OHLCV data for KULR (1h) from stock_data\KULR_ohlcv_1h_61fc7b5f681e437dd8cd5ac470c35c43.csv
2025-05-26 21:20:08,732 ERROR:Error calculating Ichimoku: The truth value of a Series is ambiguous. Use a.empty, a.bool(), a.item(), a.any() or a.all().
2025-05-26 21:20:09,624 ERROR:Error calculating Ichimoku: The truth value of a Series is ambiguous. Use a.empty, a.bool(), a.item(), a.any() or a.all().
2025-05-26 21:20:32,422 INFO:Saved indicators to stock_indicator\KULR_indicators_1d.csv
2025-05-26 21:20:32,427 INFO:Saved metadata to stock_indicator\KULR_indicators_1d.meta.yaml
2025-05-26 21:20:32,552 INFO:Saved indicators to stock_indicator\KULR_indicators_1h.csv
2025-05-26 21:20:32,578 INFO:Saved metadata to stock_indicator\KULR_indicators_1h.meta.yaml
2025-05-26 21:21:14,359 INFO:[TechnicalIndicators] Calculating indicators...
2025-05-26 21:21:14,361 INFO:Calculating indicators for KULR (1d)
2025-05-26 21:21:14,362 INFO:Calculating indicators for KULR (1h)
2025-05-26 21:21:14,369 INFO:Loaded OHLCV data for KULR (1d) from stock_data\KULR_ohlcv_1d_4592b59e3127acd06baabd0f20d146ec.csv
2025-05-26 21:21:14,410 INFO:Loaded OHLCV data for KULR (1h) from stock_data\KULR_ohlcv_1h_61fc7b5f681e437dd8cd5ac470c35c43.csv
2025-05-26 21:21:14,986 ERROR:Error calculating Ichimoku: The truth value of a Series is ambiguous. Use a.empty, a.bool(), a.item(), a.any() or a.all().
2025-05-26 21:21:15,952 ERROR:Error calculating Ichimoku: The truth value of a Series is ambiguous. Use a.empty, a.bool(), a.item(), a.any() or a.all().
2025-05-26 21:21:21,743 INFO:Saved indicators to stock_indicator\KULR_indicators_1d.csv
2025-05-26 21:21:21,844 INFO:Saved metadata to stock_indicator\KULR_indicators_1d.meta.yaml
2025-05-26 21:21:23,265 INFO:Saved indicators to stock_indicator\KULR_indicators_1h.csv
2025-05-26 21:21:23,269 INFO:Saved metadata to stock_indicator\KULR_indicators_1h.meta.yaml
2025-05-26 21:45:46,296 INFO:[TechnicalIndicators] Calculating indicators...
2025-05-26 21:45:46,297 INFO:Calculating indicators for KULR (1d)
2025-05-26 21:45:46,298 INFO:Calculating indicators for KULR (1h)
2025-05-26 21:45:46,306 INFO:Loaded OHLCV data for KULR (1d) from stock_data\KULR_ohlcv_1d_4592b59e3127acd06baabd0f20d146ec.csv
2025-05-26 21:45:46,323 INFO:Loaded OHLCV data for KULR (1h) from stock_data\KULR_ohlcv_1h_61fc7b5f681e437dd8cd5ac470c35c43.csv
2025-05-26 21:45:47,134 ERROR:Error calculating Ichimoku: The truth value of a Series is ambiguous. Use a.empty, a.bool(), a.item(), a.any() or a.all().
2025-05-26 21:45:47,644 ERROR:Error calculating Ichimoku: The truth value of a Series is ambiguous. Use a.empty, a.bool(), a.item(), a.any() or a.all().
2025-05-26 21:45:52,612 ERROR:Error calculating Candle Pattern: No module named 'candlestick'
2025-05-26 21:45:52,632 INFO:Saved indicators to stock_indicator\KULR_indicators_1d.csv
2025-05-26 21:45:52,637 INFO:Saved metadata to stock_indicator\KULR_indicators_1d.meta.yaml
2025-05-26 21:45:57,273 ERROR:Error calculating Candle Pattern: No module named 'candlestick'
2025-05-26 21:45:57,294 INFO:Saved indicators to stock_indicator\KULR_indicators_1h.csv
2025-05-26 21:45:57,298 INFO:Saved metadata to stock_indicator\KULR_indicators_1h.meta.yaml
2025-05-26 21:47:05,615 INFO:[TechnicalIndicators] Calculating indicators...
2025-05-26 21:47:05,616 INFO:Calculating indicators for KULR (1d)
2025-05-26 21:47:05,617 INFO:Calculating indicators for KULR (1h)
2025-05-26 21:47:05,626 INFO:Loaded OHLCV data for KULR (1d) from stock_data\KULR_ohlcv_1d_4592b59e3127acd06baabd0f20d146ec.csv
2025-05-26 21:47:05,675 INFO:Loaded OHLCV data for KULR (1h) from stock_data\KULR_ohlcv_1h_61fc7b5f681e437dd8cd5ac470c35c43.csv
2025-05-26 21:47:06,670 ERROR:Error calculating Ichimoku: The truth value of a Series is ambiguous. Use a.empty, a.bool(), a.item(), a.any() or a.all().
2025-05-26 21:47:08,015 ERROR:Error calculating Ichimoku: The truth value of a Series is ambiguous. Use a.empty, a.bool(), a.item(), a.any() or a.all().
2025-05-26 21:47:19,178 ERROR:Error calculating Candle Pattern: No module named 'candlestick'
2025-05-26 21:47:19,200 INFO:Saved indicators to stock_indicator\KULR_indicators_1d.csv
2025-05-26 21:47:19,206 INFO:Saved metadata to stock_indicator\KULR_indicators_1d.meta.yaml
2025-05-26 21:47:24,180 ERROR:Error calculating Candle Pattern: No module named 'candlestick'
2025-05-26 21:47:24,198 INFO:Saved indicators to stock_indicator\KULR_indicators_1h.csv
2025-05-26 21:47:24,204 INFO:Saved metadata to stock_indicator\KULR_indicators_1h.meta.yaml
2025-05-26 21:58:46,844 INFO:[TechnicalIndicators] Calculating indicators...
2025-05-26 21:58:46,845 INFO:Calculating indicators for KULR (1d)
2025-05-26 21:58:46,845 INFO:Calculating indicators for KULR (1h)
2025-05-26 21:58:46,853 INFO:Loaded OHLCV data for KULR (1d) from stock_data\KULR_ohlcv_1d_4592b59e3127acd06baabd0f20d146ec.csv
2025-05-26 21:58:46,903 INFO:Loaded OHLCV data for KULR (1h) from stock_data\KULR_ohlcv_1h_61fc7b5f681e437dd8cd5ac470c35c43.csv
2025-05-26 21:58:47,445 ERROR:Error calculating Ichimoku: The truth value of a Series is ambiguous. Use a.empty, a.bool(), a.item(), a.any() or a.all().
2025-05-26 21:58:48,364 ERROR:Error calculating Ichimoku: The truth value of a Series is ambiguous. Use a.empty, a.bool(), a.item(), a.any() or a.all().
2025-05-26 21:58:55,462 INFO:Saved indicators to stock_indicator\KULR_indicators_1d.csv
2025-05-26 21:58:55,467 INFO:Saved metadata to stock_indicator\KULR_indicators_1d.meta.yaml
2025-05-26 21:59:04,644 INFO:Saved indicators to stock_indicator\KULR_indicators_1h.csv
2025-05-26 21:59:04,648 INFO:Saved metadata to stock_indicator\KULR_indicators_1h.meta.yaml
2025-05-26 22:05:19,139 INFO:[TechnicalIndicators] Calculating indicators...
2025-05-26 22:05:19,140 INFO:Calculating indicators for KULR (1d)
2025-05-26 22:05:19,141 INFO:Calculating indicators for KULR (1h)
2025-05-26 22:05:19,148 INFO:Loaded OHLCV data for KULR (1d) from stock_data\KULR_ohlcv_1d_4592b59e3127acd06baabd0f20d146ec.csv
2025-05-26 22:05:19,162 INFO:Loaded OHLCV data for KULR (1h) from stock_data\KULR_ohlcv_1h_61fc7b5f681e437dd8cd5ac470c35c43.csv
2025-05-26 22:05:19,804 ERROR:Error calculating Ichimoku: The truth value of a Series is ambiguous. Use a.empty, a.bool(), a.item(), a.any() or a.all().
2025-05-26 22:05:20,663 ERROR:Error calculating Ichimoku: The truth value of a Series is ambiguous. Use a.empty, a.bool(), a.item(), a.any() or a.all().
2025-05-26 22:05:30,683 INFO:Saved indicators to stock_indicator\KULR_indicators_1d.csv
2025-05-26 22:05:30,689 INFO:Saved metadata to stock_indicator\KULR_indicators_1d.meta.yaml
2025-05-26 22:05:43,191 INFO:Saved indicators to stock_indicator\KULR_indicators_1h.csv
2025-05-26 22:05:43,197 INFO:Saved metadata to stock_indicator\KULR_indicators_1h.meta.yaml
2025-05-26 22:47:57,008 INFO:[TechnicalIndicators] Calculating indicators...
2025-05-26 22:47:57,009 INFO:Calculating indicators for KULR (1d)
2025-05-26 22:47:57,010 INFO:Calculating indicators for KULR (1h)
2025-05-26 22:47:57,018 INFO:Loaded OHLCV data for KULR (1d) from stock_data\KULR_ohlcv_1d_4592b59e3127acd06baabd0f20d146ec.csv
2025-05-26 22:47:57,030 INFO:Loaded OHLCV data for KULR (1h) from stock_data\KULR_ohlcv_1h_61fc7b5f681e437dd8cd5ac470c35c43.csv
2025-05-26 22:47:57,540 ERROR:Error calculating Ichimoku: The truth value of a Series is ambiguous. Use a.empty, a.bool(), a.item(), a.any() or a.all().
2025-05-26 22:47:58,391 ERROR:Error calculating Ichimoku: The truth value of a Series is ambiguous. Use a.empty, a.bool(), a.item(), a.any() or a.all().
2025-05-26 22:48:06,900 INFO:Saved indicators to stock_indicator\KULR_indicators_1d.csv
2025-05-26 22:48:06,905 INFO:Saved metadata to stock_indicator\KULR_indicators_1d.meta.yaml
2025-05-26 22:48:17,128 INFO:Saved indicators to stock_indicator\KULR_indicators_1h.csv
2025-05-26 22:48:17,134 INFO:Saved metadata to stock_indicator\KULR_indicators_1h.meta.yaml
2025-05-28 21:17:43,219 INFO:[TechnicalIndicators] Calculating indicators...
2025-05-28 21:17:43,277 INFO:Calculating indicators for KULR (1d)
2025-05-28 21:17:43,278 INFO:Calculating indicators for KULR (1h)
2025-05-28 21:17:43,295 INFO:Loaded OHLCV data for KULR (1d) from stock_data\KULR_ohlcv_1d_33e31ab95e64a162f2bd82683f2fa69f.csv
2025-05-28 21:17:43,309 INFO:Loaded OHLCV data for KULR (1h) from stock_data\KULR_ohlcv_1h_041877022ef337fb63be5c88069cf6b7.csv
2025-05-28 21:17:43,885 ERROR:Error calculating Ichimoku: The truth value of a Series is ambiguous. Use a.empty, a.bool(), a.item(), a.any() or a.all().
2025-05-28 21:17:44,680 ERROR:Error calculating Ichimoku: The truth value of a Series is ambiguous. Use a.empty, a.bool(), a.item(), a.any() or a.all().
2025-05-28 21:18:08,778 INFO:Saved indicators to stock_indicator\KULR_indicators_1d.csv
2025-05-28 21:18:08,784 INFO:Saved metadata to stock_indicator\KULR_indicators_1d.meta.yaml
2025-05-28 21:18:19,810 INFO:Saved indicators to stock_indicator\KULR_indicators_1h.csv
2025-05-28 21:18:19,814 INFO:Saved metadata to stock_indicator\KULR_indicators_1h.meta.yaml
2025-06-02 20:41:04,561 INFO:[TechnicalIndicators] Calculating indicators...
2025-06-02 20:41:04,563 INFO:Calculating indicators for KULR (1d)
2025-06-02 20:41:04,564 INFO:Calculating indicators for KULR (1h)
2025-06-02 20:41:04,583 INFO:Loaded OHLCV data for KULR (1d) from stock_data\KULR_ohlcv_1d_4cf2dafe0dbd2feddce2a13d852eafcc.csv
2025-06-02 20:41:04,593 INFO:Loaded OHLCV data for KULR (1h) from stock_data\KULR_ohlcv_1h_fd93ab818f716c9daecc3275f9552897.csv
2025-06-02 20:41:06,820 ERROR:Error calculating Ichimoku: The truth value of a Series is ambiguous. Use a.empty, a.bool(), a.item(), a.any() or a.all().
2025-06-02 20:41:07,409 ERROR:Error calculating Ichimoku: The truth value of a Series is ambiguous. Use a.empty, a.bool(), a.item(), a.any() or a.all().
2025-06-02 20:43:37,475 INFO:Saved indicators to stock_indicator\KULR_indicators_1d.csv
2025-06-02 20:43:37,479 INFO:Saved metadata to stock_indicator\KULR_indicators_1d.meta.yaml
2025-06-02 20:43:48,267 INFO:Saved indicators to stock_indicator\KULR_indicators_1h.csv
2025-06-02 20:43:48,272 INFO:Saved metadata to stock_indicator\KULR_indicators_1h.meta.yaml
2025-06-02 21:37:52,311 INFO:[TechnicalIndicators] Calculating indicators...
2025-06-02 21:37:52,312 INFO:Calculating indicators for KULR (1d)
2025-06-02 21:37:52,312 INFO:Calculating indicators for KULR (1h)
2025-06-02 21:37:52,333 INFO:Loaded OHLCV data for KULR (1d) from stock_data\KULR_ohlcv_1d_4cf2dafe0dbd2feddce2a13d852eafcc.csv
2025-06-02 21:37:52,367 INFO:Loaded OHLCV data for KULR (1h) from stock_data\KULR_ohlcv_1h_fd93ab818f716c9daecc3275f9552897.csv
2025-06-02 21:37:52,975 ERROR:Error calculating Ichimoku: The truth value of a Series is ambiguous. Use a.empty, a.bool(), a.item(), a.any() or a.all().
2025-06-02 21:37:54,092 ERROR:Error calculating Ichimoku: The truth value of a Series is ambiguous. Use a.empty, a.bool(), a.item(), a.any() or a.all().
2025-06-02 21:38:27,797 INFO:Saved indicators to stock_indicator\KULR_indicators_1d.csv
2025-06-02 21:38:27,801 INFO:Saved metadata to stock_indicator\KULR_indicators_1d.meta.yaml
2025-06-02 21:38:40,907 INFO:Saved indicators to stock_indicator\KULR_indicators_1h.csv
2025-06-02 21:38:40,912 INFO:Saved metadata to stock_indicator\KULR_indicators_1h.meta.yaml
2025-06-02 21:57:51,221 INFO:[TechnicalIndicators] Calculating indicators...
2025-06-02 21:57:51,222 INFO:Calculating indicators for KULR (1d)
2025-06-02 21:57:51,223 INFO:Calculating indicators for KULR (1h)
2025-06-02 21:57:51,231 INFO:Loaded OHLCV data for KULR (1d) from stock_data\KULR_ohlcv_1d_4cf2dafe0dbd2feddce2a13d852eafcc.csv
2025-06-02 21:57:51,248 INFO:Loaded OHLCV data for KULR (1h) from stock_data\KULR_ohlcv_1h_fd93ab818f716c9daecc3275f9552897.csv
2025-06-02 21:57:51,807 ERROR:Error calculating Ichimoku: The truth value of a Series is ambiguous. Use a.empty, a.bool(), a.item(), a.any() or a.all().
2025-06-02 21:57:52,568 ERROR:Error calculating Ichimoku: The truth value of a Series is ambiguous. Use a.empty, a.bool(), a.item(), a.any() or a.all().
2025-06-02 21:58:00,705 INFO:Saved indicators to stock_indicator\KULR_indicators_1d.csv
2025-06-02 21:58:00,711 INFO:Saved metadata to stock_indicator\KULR_indicators_1d.meta.yaml
2025-06-02 21:58:10,990 INFO:Saved indicators to stock_indicator\KULR_indicators_1h.csv
2025-06-02 21:58:10,995 INFO:Saved metadata to stock_indicator\KULR_indicators_1h.meta.yaml
2025-06-02 21:59:37,016 INFO:[TechnicalIndicators] Calculating indicators...
2025-06-02 21:59:37,016 INFO:Calculating indicators for TSLA (1d)
2025-06-02 21:59:37,017 INFO:Calculating indicators for TSLA (1h)
2025-06-02 21:59:37,033 INFO:Loaded OHLCV data for TSLA (1d) from stock_data\TSLA_ohlcv_1d_173538d0e122e86a856ed754e559e4e5.csv
2025-06-02 21:59:37,464 INFO:Loaded OHLCV data for TSLA (1h) from stock_data\TSLA_ohlcv_1h_f2002e70b29369e014abf458cc3a6b56.csv
2025-06-02 21:59:37,484 ERROR:Error calculating Ichimoku: The truth value of a Series is ambiguous. Use a.empty, a.bool(), a.item(), a.any() or a.all().
2025-06-02 21:59:38,498 ERROR:Error calculating Ichimoku: The truth value of a Series is ambiguous. Use a.empty, a.bool(), a.item(), a.any() or a.all().
2025-06-02 21:59:45,908 INFO:Saved indicators to stock_indicator\TSLA_indicators_1d.csv
2025-06-02 21:59:45,913 INFO:Saved metadata to stock_indicator\TSLA_indicators_1d.meta.yaml
2025-06-02 21:59:55,712 INFO:Saved indicators to stock_indicator\TSLA_indicators_1h.csv
2025-06-02 21:59:55,717 INFO:Saved metadata to stock_indicator\TSLA_indicators_1h.meta.yaml
2025-06-02 22:06:38,188 INFO:[TechnicalIndicators] Calculating indicators...
2025-06-02 22:06:38,189 INFO:Calculating indicators for TSLA (1d)
2025-06-02 22:06:38,189 INFO:Calculating indicators for TSLA (1h)
2025-06-02 22:06:38,210 INFO:Loaded OHLCV data for TSLA (1d) from stock_data\TSLA_ohlcv_1d_173538d0e122e86a856ed754e559e4e5.csv
2025-06-02 22:06:38,359 INFO:Loaded OHLCV data for TSLA (1h) from stock_data\TSLA_ohlcv_1h_f2002e70b29369e014abf458cc3a6b56.csv
2025-06-02 22:06:38,891 ERROR:Error calculating Ichimoku: The truth value of a Series is ambiguous. Use a.empty, a.bool(), a.item(), a.any() or a.all().
2025-06-02 22:06:39,841 ERROR:Error calculating Ichimoku: The truth value of a Series is ambiguous. Use a.empty, a.bool(), a.item(), a.any() or a.all().
2025-06-02 22:06:49,520 INFO:Saved indicators to stock_indicator\TSLA_indicators_1d.csv
2025-06-02 22:06:49,525 INFO:Saved metadata to stock_indicator\TSLA_indicators_1d.meta.yaml
2025-06-02 22:06:59,846 INFO:Saved indicators to stock_indicator\TSLA_indicators_1h.csv
2025-06-02 22:06:59,850 INFO:Saved metadata to stock_indicator\TSLA_indicators_1h.meta.yaml
2025-06-02 22:24:13,732 INFO:[TechnicalIndicators] Calculating indicators...
2025-06-02 22:24:13,733 INFO:Calculating indicators for QQQ (1d)
2025-06-02 22:24:13,733 INFO:Calculating indicators for QQQ (1h)
2025-06-02 22:24:13,766 INFO:Loaded OHLCV data for QQQ (1h) from stock_data\QQQ_ohlcv_1h_51ee9dc4c967a1263ef061698f776e04.csv
2025-06-02 22:24:14,503 INFO:Loaded OHLCV data for QQQ (1d) from stock_data\QQQ_ohlcv_1d_5476c44a0e2c99611f9b59abc158c599.csv
2025-06-02 22:24:14,746 ERROR:Error calculating Ichimoku: The truth value of a Series is ambiguous. Use a.empty, a.bool(), a.item(), a.any() or a.all().
2025-06-02 22:24:15,128 ERROR:Error calculating Ichimoku: The truth value of a Series is ambiguous. Use a.empty, a.bool(), a.item(), a.any() or a.all().
2025-06-02 22:24:24,724 INFO:Saved indicators to stock_indicator\QQQ_indicators_1d.csv
2025-06-02 22:24:24,730 INFO:Saved metadata to stock_indicator\QQQ_indicators_1d.meta.yaml
2025-06-02 22:24:35,244 INFO:Saved indicators to stock_indicator\QQQ_indicators_1h.csv
2025-06-02 22:24:35,444 INFO:Saved metadata to stock_indicator\QQQ_indicators_1h.meta.yaml
2025-06-02 22:27:44,486 INFO:[TechnicalIndicators] Calculating indicators...
2025-06-02 22:27:44,486 INFO:Calculating indicators for QQQ (1d)
2025-06-02 22:27:44,486 INFO:Calculating indicators for QQQ (1h)
2025-06-02 22:27:44,527 INFO:Loaded OHLCV data for QQQ (1h) from stock_data\QQQ_ohlcv_1h_51ee9dc4c967a1263ef061698f776e04.csv
2025-06-02 22:27:44,544 INFO:Loaded OHLCV data for QQQ (1d) from stock_data\QQQ_ohlcv_1d_5476c44a0e2c99611f9b59abc158c599.csv
2025-06-02 22:27:45,107 ERROR:Error calculating Ichimoku: The truth value of a Series is ambiguous. Use a.empty, a.bool(), a.item(), a.any() or a.all().
2025-06-02 22:27:46,019 ERROR:Error calculating Ichimoku: The truth value of a Series is ambiguous. Use a.empty, a.bool(), a.item(), a.any() or a.all().
2025-06-02 22:27:53,929 INFO:Saved indicators to stock_indicator\QQQ_indicators_1d.csv
2025-06-02 22:27:53,934 INFO:Saved metadata to stock_indicator\QQQ_indicators_1d.meta.yaml
2025-06-02 22:28:04,518 INFO:Saved indicators to stock_indicator\QQQ_indicators_1h.csv
2025-06-02 22:28:04,522 INFO:Saved metadata to stock_indicator\QQQ_indicators_1h.meta.yaml
2025-06-02 22:31:56,136 INFO:[TechnicalIndicators] Calculating indicators...
2025-06-02 22:31:56,137 INFO:Calculating indicators for QQQ (1d)
2025-06-02 22:31:56,137 INFO:Calculating indicators for QQQ (1h)
2025-06-02 22:31:56,166 INFO:Loaded OHLCV data for QQQ (1h) from stock_data\QQQ_ohlcv_1h_51ee9dc4c967a1263ef061698f776e04.csv
2025-06-02 22:31:56,236 INFO:Loaded OHLCV data for QQQ (1d) from stock_data\QQQ_ohlcv_1d_5476c44a0e2c99611f9b59abc158c599.csv
2025-06-02 22:31:57,018 ERROR:Error calculating Ichimoku: The truth value of a Series is ambiguous. Use a.empty, a.bool(), a.item(), a.any() or a.all().
2025-06-02 22:31:57,540 ERROR:Error calculating Ichimoku: The truth value of a Series is ambiguous. Use a.empty, a.bool(), a.item(), a.any() or a.all().
2025-06-02 22:32:06,775 INFO:Saved indicators to stock_indicator\QQQ_indicators_1d.csv
2025-06-02 22:32:06,780 INFO:Saved metadata to stock_indicator\QQQ_indicators_1d.meta.yaml
2025-06-02 22:32:19,795 INFO:Saved indicators to stock_indicator\QQQ_indicators_1h.csv
2025-06-02 22:32:19,801 INFO:Saved metadata to stock_indicator\QQQ_indicators_1h.meta.yaml
2025-06-03 20:52:32,561 INFO:[TechnicalIndicators] Calculating indicators...
2025-06-03 20:52:32,562 INFO:Calculating indicators for KULR (1d)
2025-06-03 20:52:32,562 WARNING:No OHLCV data for KULR (1d), skipping.
2025-06-03 20:52:32,563 INFO:Calculating indicators for KULR (1h)
2025-06-03 20:52:32,563 WARNING:No OHLCV data for KULR (1h), skipping.
2025-06-03 21:15:20,024 INFO:[TechnicalIndicators] Calculating indicators...
2025-06-03 21:15:20,025 INFO:Calculating indicators for KULR (1d)
2025-06-03 21:15:20,025 INFO:Calculating indicators for KULR (1h)
2025-06-03 21:15:20,043 INFO:Loaded OHLCV data for KULR (1d) from stock_data\KULR_ohlcv_1d_be52d6eeab99bb2f3ee2438d3ad2a62b.csv
2025-06-03 21:15:20,057 INFO:Loaded OHLCV data for KULR (1h) from stock_data\KULR_ohlcv_1h_3a0ef10f47f507099630e04a85b942ab.csv
2025-06-03 21:15:20,602 ERROR:Error calculating Ichimoku: The truth value of a Series is ambiguous. Use a.empty, a.bool(), a.item(), a.any() or a.all().
2025-06-03 21:15:21,491 ERROR:Error calculating Ichimoku: The truth value of a Series is ambiguous. Use a.empty, a.bool(), a.item(), a.any() or a.all().
2025-06-03 21:15:27,696 INFO:Saved indicators to stock_indicator\KULR_indicators_1d.csv
2025-06-03 21:15:27,702 INFO:Saved metadata to stock_indicator\KULR_indicators_1d.meta.yaml
2025-06-03 21:15:37,624 INFO:Saved indicators to stock_indicator\KULR_indicators_1h.csv
2025-06-03 21:15:37,628 INFO:Saved metadata to stock_indicator\KULR_indicators_1h.meta.yaml
2025-06-07 13:08:36,456 INFO:[TechnicalIndicators] Calculating indicators...
2025-06-07 13:08:36,482 INFO:Calculating indicators for KULR (1d)
2025-06-07 13:08:36,482 INFO:Calculating indicators for KULR (1h)
2025-06-07 13:08:36,502 INFO:Loaded OHLCV data for KULR (1d) from stock_data\KULR_ohlcv_1d_bce6dd5f2fd0f75bdaa81f5bdf324b18.csv
2025-06-07 13:08:36,545 INFO:Loaded OHLCV data for KULR (1h) from stock_data\KULR_ohlcv_1h_f5bded7cdb5b5323a363ec053d794493.csv
2025-06-07 13:08:37,191 ERROR:Error calculating Ichimoku: The truth value of a Series is ambiguous. Use a.empty, a.bool(), a.item(), a.any() or a.all().
2025-06-07 13:08:38,080 ERROR:Error calculating Ichimoku: The truth value of a Series is ambiguous. Use a.empty, a.bool(), a.item(), a.any() or a.all().
2025-06-07 13:08:45,350 INFO:Saved indicators to stock_indicator\KULR_indicators_1d.csv
2025-06-07 13:08:45,377 INFO:Saved metadata to stock_indicator\KULR_indicators_1d.meta.yaml
2025-06-07 13:08:57,669 INFO:Saved indicators to stock_indicator\KULR_indicators_1h.csv
2025-06-07 13:08:57,676 INFO:Saved metadata to stock_indicator\KULR_indicators_1h.meta.yaml
2025-06-07 13:10:58,149 INFO:[TechnicalIndicators] Calculating indicators...
2025-06-07 13:10:58,150 INFO:Calculating indicators for KULR (1d)
2025-06-07 13:10:58,150 INFO:Calculating indicators for KULR (1h)
2025-06-07 13:10:58,171 INFO:Loaded OHLCV data for KULR (1d) from stock_data\KULR_ohlcv_1d_bce6dd5f2fd0f75bdaa81f5bdf324b18.csv
2025-06-07 13:10:58,223 INFO:Loaded OHLCV data for KULR (1h) from stock_data\KULR_ohlcv_1h_f5bded7cdb5b5323a363ec053d794493.csv
2025-06-07 13:10:58,707 ERROR:Error calculating Ichimoku: The truth value of a Series is ambiguous. Use a.empty, a.bool(), a.item(), a.any() or a.all().
2025-06-07 13:10:59,638 ERROR:Error calculating Ichimoku: The truth value of a Series is ambiguous. Use a.empty, a.bool(), a.item(), a.any() or a.all().
2025-06-07 13:11:06,645 INFO:Saved indicators to stock_indicator\KULR_indicators_1d.csv
2025-06-07 13:11:06,650 INFO:Saved metadata to stock_indicator\KULR_indicators_1d.meta.yaml
2025-06-07 13:11:17,907 INFO:Saved indicators to stock_indicator\KULR_indicators_1h.csv
2025-06-07 13:11:17,914 INFO:Saved metadata to stock_indicator\KULR_indicators_1h.meta.yaml
2025-06-07 13:13:22,551 INFO:[TechnicalIndicators] Calculating indicators...
2025-06-07 13:13:22,552 INFO:Calculating indicators for KULR (1d)
2025-06-07 13:13:22,552 INFO:Calculating indicators for KULR (1h)
2025-06-07 13:13:22,572 INFO:Loaded OHLCV data for KULR (1d) from stock_data\KULR_ohlcv_1d_bce6dd5f2fd0f75bdaa81f5bdf324b18.csv
2025-06-07 13:13:22,618 INFO:Loaded OHLCV data for KULR (1h) from stock_data\KULR_ohlcv_1h_f5bded7cdb5b5323a363ec053d794493.csv
2025-06-07 13:13:23,098 ERROR:Error calculating Ichimoku: The truth value of a Series is ambiguous. Use a.empty, a.bool(), a.item(), a.any() or a.all().
2025-06-07 13:13:24,045 ERROR:Error calculating Ichimoku: The truth value of a Series is ambiguous. Use a.empty, a.bool(), a.item(), a.any() or a.all().
2025-06-07 13:13:30,227 INFO:Saved indicators to stock_indicator\KULR_indicators_1d.csv
2025-06-07 13:13:30,232 INFO:Saved metadata to stock_indicator\KULR_indicators_1d.meta.yaml
2025-06-07 13:13:41,683 INFO:Saved indicators to stock_indicator\KULR_indicators_1h.csv
2025-06-07 13:13:41,687 INFO:Saved metadata to stock_indicator\KULR_indicators_1h.meta.yaml
2025-06-07 13:19:42,708 INFO:[TechnicalIndicators] Calculating indicators...
2025-06-07 13:19:42,709 INFO:Calculating indicators for KULR (1d)
2025-06-07 13:19:42,710 INFO:Calculating indicators for KULR (1h)
2025-06-07 13:19:42,728 INFO:Loaded OHLCV data for KULR (1d) from stock_data\KULR_ohlcv_1d_bce6dd5f2fd0f75bdaa81f5bdf324b18.csv
2025-06-07 13:19:42,776 INFO:Loaded OHLCV data for KULR (1h) from stock_data\KULR_ohlcv_1h_f5bded7cdb5b5323a363ec053d794493.csv
2025-06-07 13:19:43,269 ERROR:Error calculating Ichimoku: The truth value of a Series is ambiguous. Use a.empty, a.bool(), a.item(), a.any() or a.all().
2025-06-07 13:19:44,143 ERROR:Error calculating Ichimoku: The truth value of a Series is ambiguous. Use a.empty, a.bool(), a.item(), a.any() or a.all().
2025-06-07 13:19:51,281 INFO:Saved indicators to stock_indicator\KULR_indicators_1d.csv
2025-06-07 13:19:51,287 INFO:Saved metadata to stock_indicator\KULR_indicators_1d.meta.yaml
2025-06-07 13:20:02,980 INFO:Saved indicators to stock_indicator\KULR_indicators_1h.csv
2025-06-07 13:20:02,986 INFO:Saved metadata to stock_indicator\KULR_indicators_1h.meta.yaml
2025-06-07 13:26:38,162 INFO:[TechnicalIndicators] Calculating indicators...
2025-06-07 13:26:38,163 INFO:Calculating indicators for KULR (1d)
2025-06-07 13:26:38,164 INFO:Calculating indicators for KULR (1h)
2025-06-07 13:26:38,184 INFO:Loaded OHLCV data for KULR (1d) from stock_data\KULR_ohlcv_1d_bce6dd5f2fd0f75bdaa81f5bdf324b18.csv
2025-06-07 13:26:38,229 INFO:Loaded OHLCV data for KULR (1h) from stock_data\KULR_ohlcv_1h_f5bded7cdb5b5323a363ec053d794493.csv
2025-06-07 13:26:38,722 ERROR:Error calculating Ichimoku: The truth value of a Series is ambiguous. Use a.empty, a.bool(), a.item(), a.any() or a.all().
2025-06-07 13:26:39,613 ERROR:Error calculating Ichimoku: The truth value of a Series is ambiguous. Use a.empty, a.bool(), a.item(), a.any() or a.all().
2025-06-07 13:26:46,962 INFO:Saved indicators to stock_indicator\KULR_indicators_1d.csv
2025-06-07 13:26:46,967 INFO:Saved metadata to stock_indicator\KULR_indicators_1d.meta.yaml
2025-06-07 13:26:57,904 INFO:Saved indicators to stock_indicator\KULR_indicators_1h.csv
2025-06-07 13:26:57,908 INFO:Saved metadata to stock_indicator\KULR_indicators_1h.meta.yaml
2025-06-07 13:29:06,127 INFO:[TechnicalIndicators] Calculating indicators...
2025-06-07 13:29:06,128 INFO:Calculating indicators for KULR (1d)
2025-06-07 13:29:06,129 INFO:Calculating indicators for KULR (1h)
2025-06-07 13:29:06,153 INFO:Loaded OHLCV data for KULR (1h) from stock_data\KULR_ohlcv_1d_bce6dd5f2fd0f75bdaa81f5bdf324b18.csv
2025-06-07 13:29:06,159 INFO:Loaded OHLCV data for KULR (1d) from stock_data\KULR_ohlcv_1d_bce6dd5f2fd0f75bdaa81f5bdf324b18.csv
2025-06-07 13:29:07,273 ERROR:Error calculating Ichimoku: The truth value of a Series is ambiguous. Use a.empty, a.bool(), a.item(), a.any() or a.all().
2025-06-07 13:29:07,277 ERROR:Error calculating Ichimoku: The truth value of a Series is ambiguous. Use a.empty, a.bool(), a.item(), a.any() or a.all().
2025-06-07 13:29:19,425 INFO:Saved indicators to stock_indicator\KULR_indicators_1h.csv
2025-06-07 13:29:19,432 INFO:Saved metadata to stock_indicator\KULR_indicators_1h.meta.yaml
2025-06-07 13:29:19,450 INFO:Saved indicators to stock_indicator\KULR_indicators_1d.csv
2025-06-07 13:29:19,455 INFO:Saved metadata to stock_indicator\KULR_indicators_1d.meta.yaml
2025-06-07 13:30:22,521 INFO:[TechnicalIndicators] Calculating indicators...
2025-06-07 13:30:22,522 INFO:Calculating indicators for KULR (1d)
2025-06-07 13:30:22,541 INFO:Loaded OHLCV data for KULR (1d) from stock_data\KULR_ohlcv_1d_bce6dd5f2fd0f75bdaa81f5bdf324b18.csv
2025-06-07 13:30:22,951 ERROR:Error calculating Ichimoku: The truth value of a Series is ambiguous. Use a.empty, a.bool(), a.item(), a.any() or a.all().
2025-06-07 13:30:28,399 INFO:Saved indicators to stock_indicator\KULR_indicators_1d.csv
2025-06-07 13:30:28,404 INFO:Saved metadata to stock_indicator\KULR_indicators_1d.meta.yaml
2025-06-07 13:30:59,023 INFO:[TechnicalIndicators] Calculating indicators...
2025-06-07 13:30:59,024 INFO:Calculating indicators for KULR (1d)
2025-06-07 13:30:59,049 INFO:Loaded OHLCV data for KULR (1d) from stock_data\KULR_ohlcv_1d_bce6dd5f2fd0f75bdaa81f5bdf324b18.csv
2025-06-07 13:30:59,483 ERROR:Error calculating Ichimoku: The truth value of a Series is ambiguous. Use a.empty, a.bool(), a.item(), a.any() or a.all().
2025-06-07 13:31:04,914 INFO:Saved indicators to stock_indicator\KULR_indicators_1d.csv
2025-06-07 13:31:04,919 INFO:Saved metadata to stock_indicator\KULR_indicators_1d.meta.yaml
2025-06-07 13:36:53,990 INFO:[TechnicalIndicators] Calculating indicators...
2025-06-07 13:36:53,990 INFO:Calculating indicators for KULR (1d)
2025-06-07 13:36:54,010 INFO:Loaded OHLCV data for KULR (1d) from stock_data\KULR_ohlcv_1d_bce6dd5f2fd0f75bdaa81f5bdf324b18.csv
2025-06-07 13:36:54,436 ERROR:Error calculating Ichimoku: The truth value of a Series is ambiguous. Use a.empty, a.bool(), a.item(), a.any() or a.all().
2025-06-07 13:37:00,048 INFO:Saved indicators to stock_indicator\KULR_indicators_1d.csv
2025-06-07 13:37:00,053 INFO:Saved metadata to stock_indicator\KULR_indicators_1d.meta.yaml
